[gin/server]2022/08/02 - 08:58:16.626	[34minfo[0m	D:/Project Files/Project/blockchain-explorer-gin/server/initialize/internal/logger.go:31	[32mD:/Project Files/pkg/mod/gorm.io/driver/mysql@v1.3.5/migrator.go:250
[0m[33m[10.520ms] [34;1m[rows:-][0m SELECT DATABASE()

[gin/server]2022/08/02 - 08:58:16.712	[34minfo[0m	D:/Project Files/Project/blockchain-explorer-gin/server/initialize/internal/logger.go:31	[32mD:/Project Files/pkg/mod/gorm.io/driver/mysql@v1.3.5/migrator.go:253
[0m[33m[83.594ms] [34;1m[rows:1][0m SELECT SCHEMA_NAME from Information_schema.SCHEMATA where SCHEMA_NAME LIKE 'blockchain_explorer%' ORDER BY SCHEMA_NAME='blockchain_explorer' DESC,SCHEMA_NAME limit 1

[gin/server]2022/08/02 - 08:58:16.739	[34minfo[0m	D:/Project Files/Project/blockchain-explorer-gin/server/initialize/internal/logger.go:31	[32mD:/Project Files/Project/blockchain-explorer-gin/server/initialize/gorm.go:29
[0m[33m[27.416ms] [34;1m[rows:-][0m SELECT count(*) FROM information_schema.tables WHERE table_schema = 'blockchain_explorer' AND table_name = 'sys_users' AND table_type = 'BASE TABLE'

[gin/server]2022/08/02 - 08:58:16.740	[34minfo[0m	D:/Project Files/Project/blockchain-explorer-gin/server/initialize/internal/logger.go:31	[32mD:/Project Files/pkg/mod/gorm.io/driver/mysql@v1.3.5/migrator.go:250
[0m[33m[0.000ms] [34;1m[rows:-][0m SELECT DATABASE()

[gin/server]2022/08/02 - 08:58:16.742	[34minfo[0m	D:/Project Files/Project/blockchain-explorer-gin/server/initialize/internal/logger.go:31	[32mD:/Project Files/pkg/mod/gorm.io/driver/mysql@v1.3.5/migrator.go:253
[0m[33m[0.848ms] [34;1m[rows:1][0m SELECT SCHEMA_NAME from Information_schema.SCHEMATA where SCHEMA_NAME LIKE 'blockchain_explorer%' ORDER BY SCHEMA_NAME='blockchain_explorer' DESC,SCHEMA_NAME limit 1

[gin/server]2022/08/02 - 08:58:16.753	[34minfo[0m	D:/Project Files/Project/blockchain-explorer-gin/server/initialize/internal/logger.go:31	[32mD:/Project Files/pkg/mod/gorm.io/driver/mysql@v1.3.5/migrator.go:163
[0m[33m[11.488ms] [34;1m[rows:-][0m SELECT * FROM `sys_users` LIMIT 1

[gin/server]2022/08/02 - 08:58:16.770	[34minfo[0m	D:/Project Files/Project/blockchain-explorer-gin/server/initialize/internal/logger.go:31	[32mD:/Project Files/pkg/mod/gorm.io/driver/mysql@v1.3.5/migrator.go:181
[0m[33m[16.159ms] [34;1m[rows:-][0m SELECT column_name, column_default, is_nullable = 'YES', data_type, character_maximum_length, column_type, column_key, extra, column_comment, numeric_precision, numeric_scale , datetime_precision FROM information_schema.columns WHERE table_schema = 'blockchain_explorer' AND table_name = 'sys_users' ORDER BY ORDINAL_POSITION

[gin/server]2022/08/02 - 08:58:16.771	[34minfo[0m	D:/Project Files/Project/blockchain-explorer-gin/server/initialize/internal/logger.go:31	[32mD:/Project Files/pkg/mod/gorm.io/driver/mysql@v1.3.5/migrator.go:250
[0m[33m[0.000ms] [34;1m[rows:-][0m SELECT DATABASE()

[gin/server]2022/08/02 - 08:58:16.771	[34minfo[0m	D:/Project Files/Project/blockchain-explorer-gin/server/initialize/internal/logger.go:31	[32mD:/Project Files/pkg/mod/gorm.io/driver/mysql@v1.3.5/migrator.go:253
[0m[33m[0.741ms] [34;1m[rows:1][0m SELECT SCHEMA_NAME from Information_schema.SCHEMATA where SCHEMA_NAME LIKE 'blockchain_explorer%' ORDER BY SCHEMA_NAME='blockchain_explorer' DESC,SCHEMA_NAME limit 1

[gin/server]2022/08/02 - 08:58:16.786	[34minfo[0m	D:/Project Files/Project/blockchain-explorer-gin/server/initialize/internal/logger.go:31	[32mD:/Project Files/Project/blockchain-explorer-gin/server/initialize/gorm.go:29
[0m[33m[14.145ms] [34;1m[rows:-][0m SELECT count(*) FROM information_schema.statistics WHERE table_schema = 'blockchain_explorer' AND table_name = 'sys_users' AND index_name = 'idx_sys_users_deleted_at'

[gin/server]2022/08/02 - 08:58:16.786	[34minfo[0m	D:/Project Files/Project/blockchain-explorer-gin/server/initialize/gorm.go:41	register table success
[gin/server]2022/08/02 - 08:58:16.832	[34minfo[0m	D:/Project Files/Project/blockchain-explorer-gin/server/core/server.go:24	server run success on 	{"address": ":8080"}
[gin/server]2022/08/02 - 09:07:05.761	[34minfo[0m	D:/Project Files/Project/blockchain-explorer-gin/server/initialize/internal/logger.go:31	[32mD:/Project Files/pkg/mod/gorm.io/driver/mysql@v1.3.5/migrator.go:250
[0m[33m[0.000ms] [34;1m[rows:-][0m SELECT DATABASE()

[gin/server]2022/08/02 - 09:07:05.762	[34minfo[0m	D:/Project Files/Project/blockchain-explorer-gin/server/initialize/internal/logger.go:31	[32mD:/Project Files/pkg/mod/gorm.io/driver/mysql@v1.3.5/migrator.go:253
[0m[33m[1.099ms] [34;1m[rows:1][0m SELECT SCHEMA_NAME from Information_schema.SCHEMATA where SCHEMA_NAME LIKE 'blockchain_explorer%' ORDER BY SCHEMA_NAME='blockchain_explorer' DESC,SCHEMA_NAME limit 1

[gin/server]2022/08/02 - 09:07:05.763	[34minfo[0m	D:/Project Files/Project/blockchain-explorer-gin/server/initialize/internal/logger.go:31	[32mD:/Project Files/Project/blockchain-explorer-gin/server/initialize/gorm.go:29
[0m[33m[1.024ms] [34;1m[rows:-][0m SELECT count(*) FROM information_schema.tables WHERE table_schema = 'blockchain_explorer' AND table_name = 'sys_users' AND table_type = 'BASE TABLE'

[gin/server]2022/08/02 - 09:07:05.763	[34minfo[0m	D:/Project Files/Project/blockchain-explorer-gin/server/initialize/internal/logger.go:31	[32mD:/Project Files/pkg/mod/gorm.io/driver/mysql@v1.3.5/migrator.go:250
[0m[33m[0.000ms] [34;1m[rows:-][0m SELECT DATABASE()

[gin/server]2022/08/02 - 09:07:05.764	[34minfo[0m	D:/Project Files/Project/blockchain-explorer-gin/server/initialize/internal/logger.go:31	[32mD:/Project Files/pkg/mod/gorm.io/driver/mysql@v1.3.5/migrator.go:253
[0m[33m[0.000ms] [34;1m[rows:1][0m SELECT SCHEMA_NAME from Information_schema.SCHEMATA where SCHEMA_NAME LIKE 'blockchain_explorer%' ORDER BY SCHEMA_NAME='blockchain_explorer' DESC,SCHEMA_NAME limit 1

[gin/server]2022/08/02 - 09:07:05.764	[34minfo[0m	D:/Project Files/Project/blockchain-explorer-gin/server/initialize/internal/logger.go:31	[32mD:/Project Files/pkg/mod/gorm.io/driver/mysql@v1.3.5/migrator.go:163
[0m[33m[0.000ms] [34;1m[rows:-][0m SELECT * FROM `sys_users` LIMIT 1

[gin/server]2022/08/02 - 09:07:05.765	[34minfo[0m	D:/Project Files/Project/blockchain-explorer-gin/server/initialize/internal/logger.go:31	[32mD:/Project Files/pkg/mod/gorm.io/driver/mysql@v1.3.5/migrator.go:181
[0m[33m[1.024ms] [34;1m[rows:-][0m SELECT column_name, column_default, is_nullable = 'YES', data_type, character_maximum_length, column_type, column_key, extra, column_comment, numeric_precision, numeric_scale , datetime_precision FROM information_schema.columns WHERE table_schema = 'blockchain_explorer' AND table_name = 'sys_users' ORDER BY ORDINAL_POSITION

[gin/server]2022/08/02 - 09:07:05.766	[34minfo[0m	D:/Project Files/Project/blockchain-explorer-gin/server/initialize/internal/logger.go:31	[32mD:/Project Files/pkg/mod/gorm.io/driver/mysql@v1.3.5/migrator.go:250
[0m[33m[0.000ms] [34;1m[rows:-][0m SELECT DATABASE()

[gin/server]2022/08/02 - 09:07:05.766	[34minfo[0m	D:/Project Files/Project/blockchain-explorer-gin/server/initialize/internal/logger.go:31	[32mD:/Project Files/pkg/mod/gorm.io/driver/mysql@v1.3.5/migrator.go:253
[0m[33m[0.000ms] [34;1m[rows:1][0m SELECT SCHEMA_NAME from Information_schema.SCHEMATA where SCHEMA_NAME LIKE 'blockchain_explorer%' ORDER BY SCHEMA_NAME='blockchain_explorer' DESC,SCHEMA_NAME limit 1

[gin/server]2022/08/02 - 09:07:05.767	[34minfo[0m	D:/Project Files/Project/blockchain-explorer-gin/server/initialize/internal/logger.go:31	[32mD:/Project Files/Project/blockchain-explorer-gin/server/initialize/gorm.go:29
[0m[33m[0.509ms] [34;1m[rows:-][0m SELECT count(*) FROM information_schema.statistics WHERE table_schema = 'blockchain_explorer' AND table_name = 'sys_users' AND index_name = 'idx_sys_users_deleted_at'

[gin/server]2022/08/02 - 09:07:05.767	[34minfo[0m	D:/Project Files/Project/blockchain-explorer-gin/server/initialize/gorm.go:41	register table success
[gin/server]2022/08/02 - 09:07:05.795	[34minfo[0m	D:/Project Files/Project/blockchain-explorer-gin/server/core/server.go:24	server run success on 	{"address": ":8080"}
[gin/server]2022/08/02 - 10:13:19.597	[34minfo[0m	D:/Project Files/Project/blockchain-explorer-gin/server/initialize/internal/logger.go:31	[32mD:/Project Files/pkg/mod/gorm.io/driver/mysql@v1.3.5/migrator.go:250
[0m[33m[0.000ms] [34;1m[rows:-][0m SELECT DATABASE()

[gin/server]2022/08/02 - 10:13:19.599	[34minfo[0m	D:/Project Files/Project/blockchain-explorer-gin/server/initialize/internal/logger.go:31	[32mD:/Project Files/pkg/mod/gorm.io/driver/mysql@v1.3.5/migrator.go:253
[0m[33m[1.107ms] [34;1m[rows:1][0m SELECT SCHEMA_NAME from Information_schema.SCHEMATA where SCHEMA_NAME LIKE 'blockchain_explorer%' ORDER BY SCHEMA_NAME='blockchain_explorer' DESC,SCHEMA_NAME limit 1

[gin/server]2022/08/02 - 10:13:19.601	[34minfo[0m	D:/Project Files/Project/blockchain-explorer-gin/server/initialize/internal/logger.go:31	[32mD:/Project Files/Project/blockchain-explorer-gin/server/initialize/gorm.go:29
[0m[33m[0.937ms] [34;1m[rows:-][0m SELECT count(*) FROM information_schema.tables WHERE table_schema = 'blockchain_explorer' AND table_name = 'sys_users' AND table_type = 'BASE TABLE'

[gin/server]2022/08/02 - 10:13:19.601	[34minfo[0m	D:/Project Files/Project/blockchain-explorer-gin/server/initialize/internal/logger.go:31	[32mD:/Project Files/pkg/mod/gorm.io/driver/mysql@v1.3.5/migrator.go:250
[0m[33m[0.000ms] [34;1m[rows:-][0m SELECT DATABASE()

[gin/server]2022/08/02 - 10:13:19.602	[34minfo[0m	D:/Project Files/Project/blockchain-explorer-gin/server/initialize/internal/logger.go:31	[32mD:/Project Files/pkg/mod/gorm.io/driver/mysql@v1.3.5/migrator.go:253
[0m[33m[0.833ms] [34;1m[rows:1][0m SELECT SCHEMA_NAME from Information_schema.SCHEMATA where SCHEMA_NAME LIKE 'blockchain_explorer%' ORDER BY SCHEMA_NAME='blockchain_explorer' DESC,SCHEMA_NAME limit 1

[gin/server]2022/08/02 - 10:13:19.603	[34minfo[0m	D:/Project Files/Project/blockchain-explorer-gin/server/initialize/internal/logger.go:31	[32mD:/Project Files/pkg/mod/gorm.io/driver/mysql@v1.3.5/migrator.go:163
[0m[33m[1.032ms] [34;1m[rows:-][0m SELECT * FROM `sys_users` LIMIT 1

[gin/server]2022/08/02 - 10:13:19.605	[34minfo[0m	D:/Project Files/Project/blockchain-explorer-gin/server/initialize/internal/logger.go:31	[32mD:/Project Files/pkg/mod/gorm.io/driver/mysql@v1.3.5/migrator.go:181
[0m[33m[1.864ms] [34;1m[rows:-][0m SELECT column_name, column_default, is_nullable = 'YES', data_type, character_maximum_length, column_type, column_key, extra, column_comment, numeric_precision, numeric_scale , datetime_precision FROM information_schema.columns WHERE table_schema = 'blockchain_explorer' AND table_name = 'sys_users' ORDER BY ORDINAL_POSITION

[gin/server]2022/08/02 - 10:13:19.606	[34minfo[0m	D:/Project Files/Project/blockchain-explorer-gin/server/initialize/internal/logger.go:31	[32mD:/Project Files/pkg/mod/gorm.io/driver/mysql@v1.3.5/migrator.go:250
[0m[33m[0.505ms] [34;1m[rows:-][0m SELECT DATABASE()

[gin/server]2022/08/02 - 10:13:19.607	[34minfo[0m	D:/Project Files/Project/blockchain-explorer-gin/server/initialize/internal/logger.go:31	[32mD:/Project Files/pkg/mod/gorm.io/driver/mysql@v1.3.5/migrator.go:253
[0m[33m[0.667ms] [34;1m[rows:1][0m SELECT SCHEMA_NAME from Information_schema.SCHEMATA where SCHEMA_NAME LIKE 'blockchain_explorer%' ORDER BY SCHEMA_NAME='blockchain_explorer' DESC,SCHEMA_NAME limit 1

[gin/server]2022/08/02 - 10:13:19.608	[34minfo[0m	D:/Project Files/Project/blockchain-explorer-gin/server/initialize/internal/logger.go:31	[32mD:/Project Files/Project/blockchain-explorer-gin/server/initialize/gorm.go:29
[0m[33m[1.316ms] [34;1m[rows:-][0m SELECT count(*) FROM information_schema.statistics WHERE table_schema = 'blockchain_explorer' AND table_name = 'sys_users' AND index_name = 'idx_sys_users_deleted_at'

[gin/server]2022/08/02 - 10:13:19.609	[34minfo[0m	D:/Project Files/Project/blockchain-explorer-gin/server/initialize/gorm.go:41	register table success
[gin/server]2022/08/02 - 10:13:19.638	[34minfo[0m	D:/Project Files/Project/blockchain-explorer-gin/server/core/server.go:24	server run success on 	{"address": ":8080"}
[gin/server]2022/08/02 - 10:21:57.010	[34minfo[0m	D:/Project Files/Project/blockchain-explorer-gin/server/initialize/internal/logger.go:31	[32mD:/Project Files/pkg/mod/gorm.io/driver/mysql@v1.3.5/migrator.go:250
[0m[33m[0.330ms] [34;1m[rows:-][0m SELECT DATABASE()

[gin/server]2022/08/02 - 10:21:57.011	[34minfo[0m	D:/Project Files/Project/blockchain-explorer-gin/server/initialize/internal/logger.go:31	[32mD:/Project Files/pkg/mod/gorm.io/driver/mysql@v1.3.5/migrator.go:253
[0m[33m[0.920ms] [34;1m[rows:1][0m SELECT SCHEMA_NAME from Information_schema.SCHEMATA where SCHEMA_NAME LIKE 'blockchain_explorer%' ORDER BY SCHEMA_NAME='blockchain_explorer' DESC,SCHEMA_NAME limit 1

[gin/server]2022/08/02 - 10:21:57.012	[34minfo[0m	D:/Project Files/Project/blockchain-explorer-gin/server/initialize/internal/logger.go:31	[32mD:/Project Files/Project/blockchain-explorer-gin/server/initialize/gorm.go:29
[0m[33m[0.902ms] [34;1m[rows:-][0m SELECT count(*) FROM information_schema.tables WHERE table_schema = 'blockchain_explorer' AND table_name = 'sys_users' AND table_type = 'BASE TABLE'

[gin/server]2022/08/02 - 10:21:57.012	[34minfo[0m	D:/Project Files/Project/blockchain-explorer-gin/server/initialize/internal/logger.go:31	[32mD:/Project Files/pkg/mod/gorm.io/driver/mysql@v1.3.5/migrator.go:250
[0m[33m[0.000ms] [34;1m[rows:-][0m SELECT DATABASE()

[gin/server]2022/08/02 - 10:21:57.012	[34minfo[0m	D:/Project Files/Project/blockchain-explorer-gin/server/initialize/internal/logger.go:31	[32mD:/Project Files/pkg/mod/gorm.io/driver/mysql@v1.3.5/migrator.go:253
[0m[33m[0.000ms] [34;1m[rows:1][0m SELECT SCHEMA_NAME from Information_schema.SCHEMATA where SCHEMA_NAME LIKE 'blockchain_explorer%' ORDER BY SCHEMA_NAME='blockchain_explorer' DESC,SCHEMA_NAME limit 1

[gin/server]2022/08/02 - 10:21:57.013	[34minfo[0m	D:/Project Files/Project/blockchain-explorer-gin/server/initialize/internal/logger.go:31	[32mD:/Project Files/pkg/mod/gorm.io/driver/mysql@v1.3.5/migrator.go:163
[0m[33m[0.000ms] [34;1m[rows:-][0m SELECT * FROM `sys_users` LIMIT 1

[gin/server]2022/08/02 - 10:21:57.014	[34minfo[0m	D:/Project Files/Project/blockchain-explorer-gin/server/initialize/internal/logger.go:31	[32mD:/Project Files/pkg/mod/gorm.io/driver/mysql@v1.3.5/migrator.go:181
[0m[33m[1.634ms] [34;1m[rows:-][0m SELECT column_name, column_default, is_nullable = 'YES', data_type, character_maximum_length, column_type, column_key, extra, column_comment, numeric_precision, numeric_scale , datetime_precision FROM information_schema.columns WHERE table_schema = 'blockchain_explorer' AND table_name = 'sys_users' ORDER BY ORDINAL_POSITION

[gin/server]2022/08/02 - 10:21:57.015	[34minfo[0m	D:/Project Files/Project/blockchain-explorer-gin/server/initialize/internal/logger.go:31	[32mD:/Project Files/pkg/mod/gorm.io/driver/mysql@v1.3.5/migrator.go:250
[0m[33m[0.000ms] [34;1m[rows:-][0m SELECT DATABASE()

[gin/server]2022/08/02 - 10:21:57.016	[34minfo[0m	D:/Project Files/Project/blockchain-explorer-gin/server/initialize/internal/logger.go:31	[32mD:/Project Files/pkg/mod/gorm.io/driver/mysql@v1.3.5/migrator.go:253
[0m[33m[0.524ms] [34;1m[rows:1][0m SELECT SCHEMA_NAME from Information_schema.SCHEMATA where SCHEMA_NAME LIKE 'blockchain_explorer%' ORDER BY SCHEMA_NAME='blockchain_explorer' DESC,SCHEMA_NAME limit 1

[gin/server]2022/08/02 - 10:21:57.016	[34minfo[0m	D:/Project Files/Project/blockchain-explorer-gin/server/initialize/internal/logger.go:31	[32mD:/Project Files/Project/blockchain-explorer-gin/server/initialize/gorm.go:29
[0m[33m[0.642ms] [34;1m[rows:-][0m SELECT count(*) FROM information_schema.statistics WHERE table_schema = 'blockchain_explorer' AND table_name = 'sys_users' AND index_name = 'idx_sys_users_deleted_at'

[gin/server]2022/08/02 - 10:21:57.016	[34minfo[0m	D:/Project Files/Project/blockchain-explorer-gin/server/initialize/gorm.go:41	register table success
[gin/server]2022/08/02 - 10:21:57.176	[34minfo[0m	D:/Project Files/Project/blockchain-explorer-gin/server/core/server.go:24	server run success on 	{"address": ":8080"}
[gin/server]2022/08/02 - 10:42:33.818	[34minfo[0m	D:/Project Files/Project/blockchain-explorer-gin/server/initialize/internal/logger.go:31	[32mD:/Project Files/pkg/mod/gorm.io/driver/mysql@v1.3.5/migrator.go:250
[0m[33m[0.537ms] [34;1m[rows:-][0m SELECT DATABASE()

[gin/server]2022/08/02 - 10:42:33.819	[34minfo[0m	D:/Project Files/Project/blockchain-explorer-gin/server/initialize/internal/logger.go:31	[32mD:/Project Files/pkg/mod/gorm.io/driver/mysql@v1.3.5/migrator.go:253
[0m[33m[1.563ms] [34;1m[rows:1][0m SELECT SCHEMA_NAME from Information_schema.SCHEMATA where SCHEMA_NAME LIKE 'blockchain_explorer%' ORDER BY SCHEMA_NAME='blockchain_explorer' DESC,SCHEMA_NAME limit 1

[gin/server]2022/08/02 - 10:42:33.820	[34minfo[0m	D:/Project Files/Project/blockchain-explorer-gin/server/initialize/internal/logger.go:31	[32mD:/Project Files/Project/blockchain-explorer-gin/server/initialize/gorm.go:29
[0m[33m[0.676ms] [34;1m[rows:-][0m SELECT count(*) FROM information_schema.tables WHERE table_schema = 'blockchain_explorer' AND table_name = 'sys_users' AND table_type = 'BASE TABLE'

[gin/server]2022/08/02 - 10:42:33.821	[34minfo[0m	D:/Project Files/Project/blockchain-explorer-gin/server/initialize/internal/logger.go:31	[32mD:/Project Files/pkg/mod/gorm.io/driver/mysql@v1.3.5/migrator.go:250
[0m[33m[0.000ms] [34;1m[rows:-][0m SELECT DATABASE()

[gin/server]2022/08/02 - 10:42:33.821	[34minfo[0m	D:/Project Files/Project/blockchain-explorer-gin/server/initialize/internal/logger.go:31	[32mD:/Project Files/pkg/mod/gorm.io/driver/mysql@v1.3.5/migrator.go:253
[0m[33m[0.510ms] [34;1m[rows:1][0m SELECT SCHEMA_NAME from Information_schema.SCHEMATA where SCHEMA_NAME LIKE 'blockchain_explorer%' ORDER BY SCHEMA_NAME='blockchain_explorer' DESC,SCHEMA_NAME limit 1

[gin/server]2022/08/02 - 10:42:33.821	[34minfo[0m	D:/Project Files/Project/blockchain-explorer-gin/server/initialize/internal/logger.go:31	[32mD:/Project Files/pkg/mod/gorm.io/driver/mysql@v1.3.5/migrator.go:163
[0m[33m[0.000ms] [34;1m[rows:-][0m SELECT * FROM `sys_users` LIMIT 1

[gin/server]2022/08/02 - 10:42:33.822	[34minfo[0m	D:/Project Files/Project/blockchain-explorer-gin/server/initialize/internal/logger.go:31	[32mD:/Project Files/pkg/mod/gorm.io/driver/mysql@v1.3.5/migrator.go:181
[0m[33m[0.510ms] [34;1m[rows:-][0m SELECT column_name, column_default, is_nullable = 'YES', data_type, character_maximum_length, column_type, column_key, extra, column_comment, numeric_precision, numeric_scale , datetime_precision FROM information_schema.columns WHERE table_schema = 'blockchain_explorer' AND table_name = 'sys_users' ORDER BY ORDINAL_POSITION

[gin/server]2022/08/02 - 10:42:33.823	[34minfo[0m	D:/Project Files/Project/blockchain-explorer-gin/server/initialize/internal/logger.go:31	[32mD:/Project Files/pkg/mod/gorm.io/driver/mysql@v1.3.5/migrator.go:250
[0m[33m[0.000ms] [34;1m[rows:-][0m SELECT DATABASE()

[gin/server]2022/08/02 - 10:42:33.823	[34minfo[0m	D:/Project Files/Project/blockchain-explorer-gin/server/initialize/internal/logger.go:31	[32mD:/Project Files/pkg/mod/gorm.io/driver/mysql@v1.3.5/migrator.go:253
[0m[33m[0.508ms] [34;1m[rows:1][0m SELECT SCHEMA_NAME from Information_schema.SCHEMATA where SCHEMA_NAME LIKE 'blockchain_explorer%' ORDER BY SCHEMA_NAME='blockchain_explorer' DESC,SCHEMA_NAME limit 1

[gin/server]2022/08/02 - 10:42:33.824	[34minfo[0m	D:/Project Files/Project/blockchain-explorer-gin/server/initialize/internal/logger.go:31	[32mD:/Project Files/Project/blockchain-explorer-gin/server/initialize/gorm.go:29
[0m[33m[1.016ms] [34;1m[rows:-][0m SELECT count(*) FROM information_schema.statistics WHERE table_schema = 'blockchain_explorer' AND table_name = 'sys_users' AND index_name = 'idx_sys_users_deleted_at'

[gin/server]2022/08/02 - 10:42:33.824	[34minfo[0m	D:/Project Files/Project/blockchain-explorer-gin/server/initialize/gorm.go:41	register table success
[gin/server]2022/08/02 - 10:42:33.853	[34minfo[0m	D:/Project Files/Project/blockchain-explorer-gin/server/core/server.go:24	server run success on 	{"address": ":8080"}
[gin/server]2022/08/02 - 10:45:58.507	[34minfo[0m	D:/Project Files/Project/blockchain-explorer-gin/server/initialize/internal/logger.go:31	[32mD:/Project Files/pkg/mod/gorm.io/driver/mysql@v1.3.5/migrator.go:250
[0m[33m[0.544ms] [34;1m[rows:-][0m SELECT DATABASE()

[gin/server]2022/08/02 - 10:45:58.508	[34minfo[0m	D:/Project Files/Project/blockchain-explorer-gin/server/initialize/internal/logger.go:31	[32mD:/Project Files/pkg/mod/gorm.io/driver/mysql@v1.3.5/migrator.go:253
[0m[33m[0.892ms] [34;1m[rows:1][0m SELECT SCHEMA_NAME from Information_schema.SCHEMATA where SCHEMA_NAME LIKE 'blockchain_explorer%' ORDER BY SCHEMA_NAME='blockchain_explorer' DESC,SCHEMA_NAME limit 1

[gin/server]2022/08/02 - 10:45:58.509	[34minfo[0m	D:/Project Files/Project/blockchain-explorer-gin/server/initialize/internal/logger.go:31	[32mD:/Project Files/Project/blockchain-explorer-gin/server/initialize/gorm.go:29
[0m[33m[0.928ms] [34;1m[rows:-][0m SELECT count(*) FROM information_schema.tables WHERE table_schema = 'blockchain_explorer' AND table_name = 'sys_users' AND table_type = 'BASE TABLE'

[gin/server]2022/08/02 - 10:45:58.509	[34minfo[0m	D:/Project Files/Project/blockchain-explorer-gin/server/initialize/internal/logger.go:31	[32mD:/Project Files/pkg/mod/gorm.io/driver/mysql@v1.3.5/migrator.go:250
[0m[33m[0.000ms] [34;1m[rows:-][0m SELECT DATABASE()

[gin/server]2022/08/02 - 10:45:58.509	[34minfo[0m	D:/Project Files/Project/blockchain-explorer-gin/server/initialize/internal/logger.go:31	[32mD:/Project Files/pkg/mod/gorm.io/driver/mysql@v1.3.5/migrator.go:253
[0m[33m[0.000ms] [34;1m[rows:1][0m SELECT SCHEMA_NAME from Information_schema.SCHEMATA where SCHEMA_NAME LIKE 'blockchain_explorer%' ORDER BY SCHEMA_NAME='blockchain_explorer' DESC,SCHEMA_NAME limit 1

[gin/server]2022/08/02 - 10:45:58.510	[34minfo[0m	D:/Project Files/Project/blockchain-explorer-gin/server/initialize/internal/logger.go:31	[32mD:/Project Files/pkg/mod/gorm.io/driver/mysql@v1.3.5/migrator.go:163
[0m[33m[0.000ms] [34;1m[rows:-][0m SELECT * FROM `sys_users` LIMIT 1

[gin/server]2022/08/02 - 10:45:58.511	[34minfo[0m	D:/Project Files/Project/blockchain-explorer-gin/server/initialize/internal/logger.go:31	[32mD:/Project Files/pkg/mod/gorm.io/driver/mysql@v1.3.5/migrator.go:181
[0m[33m[0.776ms] [34;1m[rows:-][0m SELECT column_name, column_default, is_nullable = 'YES', data_type, character_maximum_length, column_type, column_key, extra, column_comment, numeric_precision, numeric_scale , datetime_precision FROM information_schema.columns WHERE table_schema = 'blockchain_explorer' AND table_name = 'sys_users' ORDER BY ORDINAL_POSITION

[gin/server]2022/08/02 - 10:45:58.511	[34minfo[0m	D:/Project Files/Project/blockchain-explorer-gin/server/initialize/internal/logger.go:31	[32mD:/Project Files/pkg/mod/gorm.io/driver/mysql@v1.3.5/migrator.go:250
[0m[33m[0.000ms] [34;1m[rows:-][0m SELECT DATABASE()

[gin/server]2022/08/02 - 10:45:58.512	[34minfo[0m	D:/Project Files/Project/blockchain-explorer-gin/server/initialize/internal/logger.go:31	[32mD:/Project Files/pkg/mod/gorm.io/driver/mysql@v1.3.5/migrator.go:253
[0m[33m[0.700ms] [34;1m[rows:1][0m SELECT SCHEMA_NAME from Information_schema.SCHEMATA where SCHEMA_NAME LIKE 'blockchain_explorer%' ORDER BY SCHEMA_NAME='blockchain_explorer' DESC,SCHEMA_NAME limit 1

[gin/server]2022/08/02 - 10:45:58.513	[34minfo[0m	D:/Project Files/Project/blockchain-explorer-gin/server/initialize/internal/logger.go:31	[32mD:/Project Files/Project/blockchain-explorer-gin/server/initialize/gorm.go:29
[0m[33m[0.708ms] [34;1m[rows:-][0m SELECT count(*) FROM information_schema.statistics WHERE table_schema = 'blockchain_explorer' AND table_name = 'sys_users' AND index_name = 'idx_sys_users_deleted_at'

[gin/server]2022/08/02 - 10:45:58.513	[34minfo[0m	D:/Project Files/Project/blockchain-explorer-gin/server/initialize/gorm.go:41	register table success
[gin/server]2022/08/02 - 10:45:58.550	[34minfo[0m	D:/Project Files/Project/blockchain-explorer-gin/server/core/server.go:24	server run success on 	{"address": ":8080"}
[gin/server]2022/08/02 - 10:53:40.879	[34minfo[0m	D:/Project Files/Project/blockchain-explorer-gin/server/initialize/internal/logger.go:31	[32mD:/Project Files/pkg/mod/gorm.io/driver/mysql@v1.3.5/migrator.go:250
[0m[33m[0.000ms] [34;1m[rows:-][0m SELECT DATABASE()

[gin/server]2022/08/02 - 10:53:40.880	[34minfo[0m	D:/Project Files/Project/blockchain-explorer-gin/server/initialize/internal/logger.go:31	[32mD:/Project Files/pkg/mod/gorm.io/driver/mysql@v1.3.5/migrator.go:253
[0m[33m[0.958ms] [34;1m[rows:1][0m SELECT SCHEMA_NAME from Information_schema.SCHEMATA where SCHEMA_NAME LIKE 'blockchain_explorer%' ORDER BY SCHEMA_NAME='blockchain_explorer' DESC,SCHEMA_NAME limit 1

[gin/server]2022/08/02 - 10:53:40.880	[34minfo[0m	D:/Project Files/Project/blockchain-explorer-gin/server/initialize/internal/logger.go:31	[32mD:/Project Files/Project/blockchain-explorer-gin/server/initialize/gorm.go:29
[0m[33m[0.874ms] [34;1m[rows:-][0m SELECT count(*) FROM information_schema.tables WHERE table_schema = 'blockchain_explorer' AND table_name = 'sys_users' AND table_type = 'BASE TABLE'

[gin/server]2022/08/02 - 10:53:40.880	[34minfo[0m	D:/Project Files/Project/blockchain-explorer-gin/server/initialize/internal/logger.go:31	[32mD:/Project Files/pkg/mod/gorm.io/driver/mysql@v1.3.5/migrator.go:250
[0m[33m[0.000ms] [34;1m[rows:-][0m SELECT DATABASE()

[gin/server]2022/08/02 - 10:53:40.881	[34minfo[0m	D:/Project Files/Project/blockchain-explorer-gin/server/initialize/internal/logger.go:31	[32mD:/Project Files/pkg/mod/gorm.io/driver/mysql@v1.3.5/migrator.go:253
[0m[33m[0.000ms] [34;1m[rows:1][0m SELECT SCHEMA_NAME from Information_schema.SCHEMATA where SCHEMA_NAME LIKE 'blockchain_explorer%' ORDER BY SCHEMA_NAME='blockchain_explorer' DESC,SCHEMA_NAME limit 1

[gin/server]2022/08/02 - 10:53:40.882	[34minfo[0m	D:/Project Files/Project/blockchain-explorer-gin/server/initialize/internal/logger.go:31	[32mD:/Project Files/pkg/mod/gorm.io/driver/mysql@v1.3.5/migrator.go:163
[0m[33m[0.000ms] [34;1m[rows:-][0m SELECT * FROM `sys_users` LIMIT 1

[gin/server]2022/08/02 - 10:53:40.882	[34minfo[0m	D:/Project Files/Project/blockchain-explorer-gin/server/initialize/internal/logger.go:31	[32mD:/Project Files/pkg/mod/gorm.io/driver/mysql@v1.3.5/migrator.go:181
[0m[33m[0.513ms] [34;1m[rows:-][0m SELECT column_name, column_default, is_nullable = 'YES', data_type, character_maximum_length, column_type, column_key, extra, column_comment, numeric_precision, numeric_scale , datetime_precision FROM information_schema.columns WHERE table_schema = 'blockchain_explorer' AND table_name = 'sys_users' ORDER BY ORDINAL_POSITION

[gin/server]2022/08/02 - 10:53:40.882	[34minfo[0m	D:/Project Files/Project/blockchain-explorer-gin/server/initialize/internal/logger.go:31	[32mD:/Project Files/pkg/mod/gorm.io/driver/mysql@v1.3.5/migrator.go:250
[0m[33m[0.000ms] [34;1m[rows:-][0m SELECT DATABASE()

[gin/server]2022/08/02 - 10:53:40.883	[34minfo[0m	D:/Project Files/Project/blockchain-explorer-gin/server/initialize/internal/logger.go:31	[32mD:/Project Files/pkg/mod/gorm.io/driver/mysql@v1.3.5/migrator.go:253
[0m[33m[1.451ms] [34;1m[rows:1][0m SELECT SCHEMA_NAME from Information_schema.SCHEMATA where SCHEMA_NAME LIKE 'blockchain_explorer%' ORDER BY SCHEMA_NAME='blockchain_explorer' DESC,SCHEMA_NAME limit 1

[gin/server]2022/08/02 - 10:53:40.884	[34minfo[0m	D:/Project Files/Project/blockchain-explorer-gin/server/initialize/internal/logger.go:31	[32mD:/Project Files/Project/blockchain-explorer-gin/server/initialize/gorm.go:29
[0m[33m[0.718ms] [34;1m[rows:-][0m SELECT count(*) FROM information_schema.statistics WHERE table_schema = 'blockchain_explorer' AND table_name = 'sys_users' AND index_name = 'idx_sys_users_deleted_at'

[gin/server]2022/08/02 - 10:53:40.884	[34minfo[0m	D:/Project Files/Project/blockchain-explorer-gin/server/initialize/gorm.go:41	register table success
[gin/server]2022/08/02 - 10:53:40.921	[34minfo[0m	D:/Project Files/Project/blockchain-explorer-gin/server/core/server.go:24	server run success on 	{"address": ":8080"}
